#
# A fatal error has been detected by the Java Runtime Environment:
#
#  SIGSEGV (0xb) at pc=0x0000000110256713, pid=82114, tid=39683
#
# JRE version: Java(TM) SE Runtime Environment (15.0.2+7) (build 15.0.2+7-27)
# Java VM: Java HotSpot(TM) 64-Bit Server VM (15.0.2+7-27, mixed mode, sharing, tiered, compressed oops, g1 gc, bsd-amd64)
# Problematic frame:
# V  [libjvm.dylib+0x431713]  GenerateOopMap::do_field(int, int, int, int)+0x53
#
# No core dump will be written. Core dumps have been disabled. To enable core dumping, try "ulimit -c unlimited" before starting Java again
#
# If you would like to submit a bug report, please visit:
#   https://bugreport.java.com/bugreport/crash.jsp
#

---------------  S U M M A R Y ------------

Command Line: -XX:+ShowCodeDetailsInExceptionMessages -agentlib:jdwp=transport=dt_socket,suspend=y,address=localhost:52805 -ea -Dfile.encoding=UTF-8 org.testng.remote.RemoteTestNG -serport 52804 -protocol json -d /Users/apoorvdwivedi/PracticeWorkSpace/APITestingGenerics/test-output /var/folders/y_/9flx7l9n44xbzpjpf7h182pm0000gn/T/testng-eclipse-1293645515/testng-customsuite.xml

Host: MacBookPro16,1 x86_64 2400 MHz, 16 cores, 16G, Darwin 20.4.0
Time: Mon May 31 16:03:05 2021 IST elapsed time: 370.079939 seconds (0d 0h 6m 10s)

---------------  T H R E A D  ---------------

Current thread (0x00007f89d7818200):  JavaThread "JDWP Transport Listener: dt_socket" daemon [_thread_in_vm, id=39683, stack(0x00007000098f7000,0x00007000099f7000)] _threads_hazard_ptr=0x00007f89df412270

Stack: [0x00007000098f7000,0x00007000099f7000],  sp=0x00007000099f5260,  free space=1016k
Native frames: (J=compiled Java code, A=aot compiled Java code, j=interpreted, Vv=VM code, C=native code)
V  [libjvm.dylib+0x431713]  GenerateOopMap::do_field(int, int, int, int)+0x53
V  [libjvm.dylib+0x42df6f]  GenerateOopMap::interp_bb(BasicBlock*)+0xdf
V  [libjvm.dylib+0x42d689]  GenerateOopMap::do_interpretation()+0x89
V  [libjvm.dylib+0x43271c]  GenerateOopMap::compute_map(Thread*)+0x21c
V  [libjvm.dylib+0x81bdfd]  OopMapForCacheEntry::compute_map(Thread*)+0x5d
V  [libjvm.dylib+0x81cc0f]  OopMapCacheEntry::fill(methodHandle const&, int)+0xef
V  [libjvm.dylib+0x81deeb]  OopMapCache::compute_one_oop_map(methodHandle const&, int, InterpreterOopMap*)+0x6b
V  [libjvm.dylib+0x7cd828]  Method::mask_for(int, InterpreterOopMap*)+0x128
V  [libjvm.dylib+0x9f030d]  interpretedVFrame::stack_data(bool) const+0x4d
V  [libjvm.dylib+0x6834ab]  VM_GetOrSetLocal::doit_prologue()+0x12b
V  [libjvm.dylib+0xa096bd]  VMThread::execute(VM_Operation*)+0x12d
V  [libjvm.dylib+0x666f33]  JvmtiEnv::GetLocalObject(JavaThread*, int, int, _jobject**)+0x53
V  [libjvm.dylib+0x620aad]  jvmti_GetLocalObject(_jvmtiEnv*, _jobject*, int, int, _jobject**)+0x14d
C  [libjdwp.dylib+0x87c6]  thisObject+0x1d6
C  [libjdwp.dylib+0x10fd9]  debugLoop_run+0x219
C  [libjdwp.dylib+0x257e6]  attachThread+0x76
V  [libjvm.dylib+0x6813f6]  JvmtiAgentThread::call_start_function()+0x86
V  [libjvm.dylib+0x99921f]  JavaThread::thread_main_inner()+0xaf
V  [libjvm.dylib+0x996411]  Thread::call_run()+0x71
V  [libjvm.dylib+0x828967]  thread_native_entry(Thread*)+0x197
C  [libsystem_pthread.dylib+0x6954]  _pthread_start+0xe0
C  [libsystem_pthread.dylib+0x24a7]  thread_start+0xf


siginfo: si_signo: 11 (SIGSEGV), si_code: 1 (SEGV_MAPERR), si_addr: 0x0000000000000006

Register to memory mapping:

RAX=0x0 is NULL
RBX=0x0000000000000001 is an unknown value
RCX=0x00000000000080e0 is an unknown value
RDX=0x000000000001f6c0 is an unknown value
RSP=0x00007000099f5260 is pointing into the stack for thread: 0x00007f89d7818200
RBP=0x00007000099f52b0 is pointing into the stack for thread: 0x00007f89d7818200
RSI=0x0 is NULL
RDI=0x000000013e72cb70 is pointing into metadata
R8 =0x0000000000000028 is an unknown value
R9 =0x00007f89d630f530 points into unknown readable memory: 0x000000013e72d5a8 | a8 d5 72 3e 01 00 00 00
R10=0x0000000000000004 is an unknown value
R11=0xffffffffffffffc0 is an unknown value
R12=0x0000000000000028 is an unknown value
R13=0x000000013e72cb70 is pointing into metadata
R14=0x00007000099f5488 is pointing into the stack for thread: 0x00007f89d7818200
R15=0x0000000000000001 is an unknown value


Registers:
RAX=0x0000000000000000, RBX=0x0000000000000001, RCX=0x00000000000080e0, RDX=0x000000000001f6c0
RSP=0x00007000099f5260, RBP=0x00007000099f52b0, RSI=0x0000000000000000, RDI=0x000000013e72cb70
R8 =0x0000000000000028, R9 =0x00007f89d630f530, R10=0x0000000000000004, R11=0xffffffffffffffc0
R12=0x0000000000000028, R13=0x000000013e72cb70, R14=0x00007000099f5488, R15=0x0000000000000001
RIP=0x0000000110256713, EFLAGS=0x0000000000010202, ERR=0x0000000000000004
  TRAPNO=0x000000000000000e

Top of Stack: (sp=0x00007000099f5260)
0x00007000099f5260:   0000000000000000 000000013e72d539
0x00007000099f5270:   0000000046000025 000000010fe27a9b
0x00007000099f5280:   13337bb54e0800e8 00007000099f52c8
0x00007000099f5290:   0000000000000042 00007f89dba0edd0
0x00007000099f52a0:   00007f89d9aa6530 00007000099f5488
0x00007000099f52b0:   00007000099f5320 0000000110252f6f
0x00007000099f52c0:   00007000099f5488 00007f89d9aa6480
0x00007000099f52d0:   000000013e72d5a8 00007f89d7818200
0x00007000099f52e0:   0000002b00000028 000000b200000042
0x00007000099f52f0:   000000b2003e0000 13337bb54e0800e8
0x00007000099f5300:   0000000000000000 00007f89d9aa6480
0x00007000099f5310:   00007000099f5488 0000000000000000
0x00007000099f5320:   00007000099f5350 0000000110252689
0x00007000099f5330:   13337bb54e0800e8 00007f89d9aa64d0
0x00007000099f5340:   00007f89d7818200 00007000099f5488
0x00007000099f5350:   00007000099f53f0 000000011025771c
0x00007000099f5360:   0000000702d80100 0000000000000000
0x00007000099f5370:   0000000702d81e68 0000000702fb3b00
0x00007000099f5380:   0000000702fb80c0 00000001108bfff3
0x00007000099f5390:   0000000000000000 0000000702d60000
0x00007000099f53a0:   0000000000000000 0000000702d61af0
0x00007000099f53b0:   0000000702d61b00 00007fff2021805a
0x00007000099f53c0:   0000000000000000 0000000000000000
0x00007000099f53d0:   00007000099f5488 00007f89d7818200
0x00007000099f53e0:   00007f89d630f0b0 00007f89d9aad1e8
0x00007000099f53f0:   00007000099f5440 0000000110640dfd
0x00007000099f5400:   00007f89d9aa5200 00007f89d9aa6480
0x00007000099f5410:   00000000000083b0 00007f89dba0ede8
0x00007000099f5420:   00007000099f5488 00007f89dba0edd0
0x00007000099f5430:   000000000000001d 00007000099f55c8
0x00007000099f5440:   00007000099f5580 0000000110641c0f
0x00007000099f5450:   00007f89d7818200 00007f89d630f070 

Instructions: (pc=0x0000000110256713)
0x0000000110256613:   00 0f 44 d0 41 f7 c6 00 00 00 40 75 2c b9 76 00
0x0000000110256623:   00 00 41 0f ba e6 1d 72 40 b9 70 00 00 00 41 0f
0x0000000110256633:   ba e6 1c 72 34 41 c1 ee 1a 41 f7 d6 41 83 e6 20
0x0000000110256643:   41 83 c6 20 44 89 f1 eb 20 b9 23 00 00 00 41 0f
0x0000000110256653:   ba e6 1d 72 14 41 f7 c6 00 00 00 10 b8 72 00 00
0x0000000110256663:   00 b9 23 00 00 00 0f 44 c8 31 c0 48 89 df 5b 41
0x0000000110256673:   5e 5d e9 36 bd ff ff 66 0f 1f 44 00 00 55 48 89
0x0000000110256683:   e5 48 63 47 58 3b 47 24 7d 23 81 e6 ff ff ff 03
0x0000000110256693:   81 ce 00 00 00 14 48 63 4f 20 48 c1 e1 02 48 03
0x00000001102566a3:   4f 48 8d 50 01 89 57 58 89 34 81 5d c3 31 c0 5d
0x00000001102566b3:   e9 f8 bc ff ff 0f 1f 84 00 00 00 00 00 55 48 89
0x00000001102566c3:   e5 41 57 41 56 41 55 41 54 53 48 83 ec 28 48 8b
0x00000001102566d3:   05 a8 da 6d 00 48 8b 00 48 89 45 d0 45 89 c4 89
0x00000001102566e3:   d3 41 89 f7 49 89 fe 49 8b 46 08 48 8b 40 08 4c
0x00000001102566f3:   8b 68 08 31 d2 4c 89 ef 89 ce e8 1e 04 ec ff 4c
0x0000000110256703:   89 ef 89 c6 e8 e4 04 ec ff 48 98 49 8b 44 c5 48
0x0000000110256713:   0f be 78 06 e8 44 b1 4a 00 89 c1 83 c9 01 83 f9
0x0000000110256723:   0d 75 28 41 81 e4 ff ff ff 00 41 81 cc 00 00 00
0x0000000110256733:   46 44 89 65 c0 48 8d 4d c0 8b 05 ae 77 7e 00 89
0x0000000110256743:   45 c4 31 c0 45 85 ff 75 2f eb 36 48 8d 0d 9b 55
0x0000000110256753:   78 00 83 f8 07 74 1a 83 f8 0b 74 15 83 f8 0e 48
0x0000000110256763:   8d 05 e3 d4 81 00 48 8d 0d 8c 55 78 00 48 0f 44
0x0000000110256773:   c8 31 c0 45 85 ff 74 09 49 89 cf 85 db 75 40 eb
0x0000000110256783:   2f 8b 11 4c 8d 3d bf d4 81 00 85 d2 74 1e 31 c0
0x0000000110256793:   66 66 66 66 2e 0f 1f 84 00 00 00 00 00 89 54 85
0x00000001102567a3:   b0 8b 54 81 04 48 ff c0 85 d2 75 f1 85 db 75 0f
0x00000001102567b3:   48 63 c8 ff c0 8b 15 1e 55 78 00 89 54 8d b0 48
0x00000001102567c3:   98 8b 0d 26 77 7e 00 89 4c 85 b0 8b 75 b0 85 f6
0x00000001102567d3:   74 1d 48 8d 5d b4 0f 1f 80 00 00 00 00 4c 89 f7
0x00000001102567e3:   e8 88 fd ff ff 8b 33 48 83 c3 04 85 f6 75 ee 41
0x00000001102567f3:   8b 07 85 c0 74 4c 49 83 c7 04 0f 1f 00 49 63 4e
0x0000000110256803:   58 41 3b 4e 24 7d 26 49 63 56 20 48 c1 e2 02 49 


Stack slot to memory mapping:
stack at sp + 0 slots: 0x0 is NULL
stack at sp + 1 slots: 0x000000013e72d539 is pointing into metadata
stack at sp + 2 slots: 0x0000000046000025 is an unknown value
stack at sp + 3 slots: 0x000000010fe27a9b: _ZN14BytecodeStream4nextEv+0x4b in /Library/Java/JavaVirtualMachines/jdk-15.0.2.jdk/Contents/Home/lib/server/libjvm.dylib at 0x000000010fe25000
stack at sp + 4 slots: 0x13337bb54e0800e8 is an unknown value
stack at sp + 5 slots: 0x00007000099f52c8 is pointing into the stack for thread: 0x00007f89d7818200
stack at sp + 6 slots: 0x0000000000000042 is an unknown value
stack at sp + 7 slots: 0x00007f89dba0edd0 points into unknown readable memory: 0x000000013e72d5a8 | a8 d5 72 3e 01 00 00 00


---------------  P R O C E S S  ---------------

Threads class SMR info:
_java_thread_list=0x00007f89df412270, length=19, elements={
0x00007f89d7808e00, 0x00007f89d9808200, 0x00007f89d980aa00, 0x00007f89d7813a00,
0x00007f89d9809600, 0x00007f89d9808800, 0x00007f89d4809200, 0x00007f89d9810200,
0x00007f89d7818200, 0x00007f89d7817200, 0x00007f89d6811200, 0x00007f89d7817800,
0x00007f89d700a400, 0x00007f89db009e00, 0x00007f89d500ae00, 0x00007f89d5216000,
0x00007f89d52aac00, 0x00007f89d52ab200, 0x00007f89d5275800
}

Java Threads: ( => current thread )
  0x00007f89d7808e00 JavaThread "main" [_thread_blocked, id=6147, stack(0x00007000088c4000,0x00007000089c4000)]
  0x00007f89d9808200 JavaThread "Reference Handler" daemon [_thread_blocked, id=16643, stack(0x0000700008fd9000,0x00007000090d9000)]
  0x00007f89d980aa00 JavaThread "Finalizer" daemon [_thread_blocked, id=15875, stack(0x00007000090dc000,0x00007000091dc000)]
  0x00007f89d7813a00 JavaThread "Signal Dispatcher" daemon [_thread_blocked, id=22275, stack(0x00007000092e5000,0x00007000093e5000)]
  0x00007f89d9809600 JavaThread "Service Thread" daemon [_thread_blocked, id=23299, stack(0x00007000093e8000,0x00007000094e8000)]
  0x00007f89d9808800 JavaThread "C2 CompilerThread0" daemon [_thread_blocked, id=41731, stack(0x00007000094eb000,0x00007000095eb000)]
  0x00007f89d4809200 JavaThread "C1 CompilerThread0" daemon [_thread_blocked, id=24323, stack(0x00007000095ee000,0x00007000096ee000)]
  0x00007f89d9810200 JavaThread "Sweeper thread" daemon [_thread_blocked, id=25091, stack(0x00007000096f1000,0x00007000097f1000)]
=>0x00007f89d7818200 JavaThread "JDWP Transport Listener: dt_socket" daemon [_thread_in_vm, id=39683, stack(0x00007000098f7000,0x00007000099f7000)]
  0x00007f89d7817200 JavaThread "JDWP Event Helper Thread" daemon [_thread_blocked, id=39171, stack(0x00007000099fa000,0x0000700009afa000)]
  0x00007f89d6811200 JavaThread "JDWP Command Reader" daemon [_thread_in_native, id=38659, stack(0x0000700009afd000,0x0000700009bfd000)]
  0x00007f89d7817800 JavaThread "Notification Thread" daemon [_thread_blocked, id=38147, stack(0x0000700009c00000,0x0000700009d00000)]
  0x00007f89d700a400 JavaThread "Common-Cleaner" daemon [_thread_blocked, id=36867, stack(0x0000700009e06000,0x0000700009f06000)]
  0x00007f89db009e00 JavaThread "ReaderThread" [_thread_in_native, id=27907, stack(0x0000700009f09000,0x000070000a009000)]
  0x00007f89d500ae00 JavaThread "TestNG-PoolService-0" [_thread_blocked, id=28931, stack(0x000070000a51b000,0x000070000a61b000)]
  0x00007f89d5216000 JavaThread "TestNG-PoolService-1" [_thread_blocked, id=33027, stack(0x000070000a61e000,0x000070000a71e000)]
  0x00007f89d52aac00 JavaThread "TestNG-PoolService-2" [_thread_blocked, id=29955, stack(0x000070000a721000,0x000070000a821000)]
  0x00007f89d52ab200 JavaThread "TestNG-PoolService-3" [_thread_blocked, id=30467, stack(0x000070000a824000,0x000070000a924000)]
  0x00007f89d5275800 JavaThread "TestNG-PoolService-4" [_thread_blocked, id=31235, stack(0x000070000a927000,0x000070000aa27000)]

Other Threads:
  0x00007f89d463aa70 VMThread "VM Thread" [stack: 0x0000700008ed6000,0x0000700008fd6000] [id=13315]
  0x00007f89d6316a80 WatcherThread [stack: 0x0000700009d03000,0x0000700009e03000] [id=37891]
  0x00007f89d460eae0 GCTaskThread "GC Thread#0" [stack: 0x00007000089c7000,0x0000700008ac7000] [id=19459]
  0x00007f89d61383c0 GCTaskThread "GC Thread#1" [stack: 0x000070000a00c000,0x000070000a10c000] [id=35843]
  0x00007f89d6138b70 GCTaskThread "GC Thread#2" [stack: 0x000070000a10f000,0x000070000a20f000] [id=35587]
  0x00007f89d61397a0 GCTaskThread "GC Thread#3" [stack: 0x000070000a212000,0x000070000a312000] [id=28675]
  0x00007f89d613a3f0 GCTaskThread "GC Thread#4" [stack: 0x000070000a315000,0x000070000a415000] [id=34819]
  0x00007f89daa235e0 GCTaskThread "GC Thread#5" [stack: 0x000070000a418000,0x000070000a518000] [id=34307]
  0x00007f89d44ebe20 GCTaskThread "GC Thread#6" [stack: 0x000070000aa2a000,0x000070000ab2a000] [id=43523]
  0x00007f89d44ec700 GCTaskThread "GC Thread#7" [stack: 0x000070000ab2d000,0x000070000ac2d000] [id=87043]
  0x00007f89d44ed300 GCTaskThread "GC Thread#8" [stack: 0x000070000ac30000,0x000070000ad30000] [id=44291]
  0x00007f89d44edf00 GCTaskThread "GC Thread#9" [stack: 0x000070000ad33000,0x000070000ae33000] [id=44547]
  0x00007f89d44eeb20 GCTaskThread "GC Thread#10" [stack: 0x000070000ae36000,0x000070000af36000] [id=44803]
  0x00007f89d44efb30 GCTaskThread "GC Thread#11" [stack: 0x000070000af39000,0x000070000b039000] [id=86275]
  0x00007f89d44f0b40 GCTaskThread "GC Thread#12" [stack: 0x000070000b03c000,0x000070000b13c000] [id=45315]
  0x00007f89d460fce0 ConcurrentGCThread "G1 Main Marker" [stack: 0x0000700008aca000,0x0000700008bca000] [id=19203]
  0x00007f89d4610df0 ConcurrentGCThread "G1 Conc#0" [stack: 0x0000700008bcd000,0x0000700008ccd000] [id=18435]
  0x00007f89d62ad650 ConcurrentGCThread "G1 Conc#1" [stack: 0x000070000b13f000,0x000070000b23f000] [id=85511]
  0x00007f89d6098b80 ConcurrentGCThread "G1 Conc#2" [stack: 0x000070000b242000,0x000070000b342000] [id=46083]
  0x00007f89d462f0a0 ConcurrentGCThread "G1 Refine#0" [stack: 0x0000700008cd0000,0x0000700008dd0000] [id=13059]
  0x00007f89d6204130 ConcurrentGCThread "G1 Young RemSet Sampling" [stack: 0x0000700008dd3000,0x0000700008ed3000] [id=17667]

Threads with active compile tasks:

VM state: not at safepoint (normal execution)

VM Mutex/Monitor currently owned by a thread: None

Heap address: 0x0000000700000000, size: 4096 MB, Compressed Oops mode: Zero based, Oop shift amount: 3
CDS archive(s) mapped at: [0x0000000800000000-0x0000000800b2d000-0x0000000800b2d000), size 11718656, SharedBaseAddress: 0x0000000800000000, ArchiveRelocationMode: 0.
Compressed class space mapped at: 0x0000000800b30000-0x0000000840b30000, size: 1073741824
Narrow klass base: 0x0000000800000000, Narrow klass shift: 3, Narrow klass range: 0x100000000

GC Precious Log:
 CPUs: 16 total, 16 available
 Memory: 16384M
 Large Page Support: Disabled
 NUMA Support: Disabled
 Compressed Oops: Enabled (Zero based)
 Heap Region Size: 2M
 Heap Min Capacity: 8M
 Heap Initial Capacity: 256M
 Heap Max Capacity: 4G
 Pre-touch: Disabled
 Parallel Workers: 13
 Concurrent Workers: 3
 Concurrent Refinement Workers: 13
 Periodic GC: Disabled

Heap:
 garbage-first heap   total 92160K, used 39765K [0x0000000700000000, 0x0000000800000000)
  region size 2048K, 12 young (24576K), 3 survivors (6144K)
 Metaspace       used 36385K, capacity 38043K, committed 38272K, reserved 1083392K
  class space    used 4496K, capacity 5235K, committed 5248K, reserved 1048576K

Heap Regions: E=young(eden), S=young(survivor), O=old, HS=humongous(starts), HC=humongous(continues), CS=collection set, F=free, OA=open archive, CA=closed archive, TAMS=top-at-mark-start (previous, next)
|   0|0x0000000700000000, 0x0000000700200000, 0x0000000700200000|100%| O|  |TAMS 0x0000000700200000, 0x0000000700000000| Untracked 
|   1|0x0000000700200000, 0x0000000700400000, 0x0000000700400000|100%| O|  |TAMS 0x0000000700400000, 0x0000000700200000| Untracked 
|   2|0x0000000700400000, 0x0000000700593a00, 0x0000000700600000| 78%| O|  |TAMS 0x0000000700593a00, 0x0000000700400000| Untracked 
|   3|0x0000000700600000, 0x0000000700800000, 0x0000000700800000|100%| O|  |TAMS 0x0000000700600000, 0x0000000700600000| Untracked 
|   4|0x0000000700800000, 0x0000000700a00000, 0x0000000700a00000|100%| O|  |TAMS 0x0000000700800000, 0x0000000700800000| Untracked 
|   5|0x0000000700a00000, 0x0000000700c00000, 0x0000000700c00000|100%| O|  |TAMS 0x0000000700a00000, 0x0000000700a00000| Untracked 
|   6|0x0000000700c00000, 0x0000000700e00000, 0x0000000700e00000|100%| O|  |TAMS 0x0000000700c00000, 0x0000000700c00000| Untracked 
|   7|0x0000000700e00000, 0x0000000701000000, 0x0000000701000000|100%| O|  |TAMS 0x0000000700e00000, 0x0000000700e00000| Untracked 
|   8|0x0000000701000000, 0x0000000701177c00, 0x0000000701200000| 73%| O|  |TAMS 0x0000000701000000, 0x0000000701000000| Untracked 
|   9|0x0000000701200000, 0x0000000701200000, 0x0000000701400000|  0%| F|  |TAMS 0x0000000701200000, 0x0000000701200000| Untracked 
|  10|0x0000000701400000, 0x0000000701400000, 0x0000000701600000|  0%| F|  |TAMS 0x0000000701400000, 0x0000000701400000| Untracked 
|  11|0x0000000701600000, 0x0000000701600000, 0x0000000701800000|  0%| F|  |TAMS 0x0000000701600000, 0x0000000701600000| Untracked 
|  12|0x0000000701800000, 0x0000000701800000, 0x0000000701a00000|  0%| F|  |TAMS 0x0000000701800000, 0x0000000701800000| Untracked 
|  13|0x0000000701a00000, 0x0000000701a00000, 0x0000000701c00000|  0%| F|  |TAMS 0x0000000701a00000, 0x0000000701a00000| Untracked 
|  14|0x0000000701c00000, 0x0000000701c00000, 0x0000000701e00000|  0%| F|  |TAMS 0x0000000701c00000, 0x0000000701c00000| Untracked 
|  15|0x0000000701e00000, 0x0000000701e00000, 0x0000000702000000|  0%| F|  |TAMS 0x0000000701e00000, 0x0000000701e00000| Untracked 
|  16|0x0000000702000000, 0x0000000702000000, 0x0000000702200000|  0%| F|  |TAMS 0x0000000702000000, 0x0000000702000000| Untracked 
|  17|0x0000000702200000, 0x0000000702200000, 0x0000000702400000|  0%| F|  |TAMS 0x0000000702200000, 0x0000000702200000| Untracked 
|  18|0x0000000702400000, 0x0000000702400000, 0x0000000702600000|  0%| F|  |TAMS 0x0000000702400000, 0x0000000702400000| Untracked 
|  19|0x0000000702600000, 0x0000000702600000, 0x0000000702800000|  0%| F|  |TAMS 0x0000000702600000, 0x0000000702600000| Untracked 
|  20|0x0000000702800000, 0x0000000702800000, 0x0000000702a00000|  0%| F|  |TAMS 0x0000000702800000, 0x0000000702800000| Untracked 
|  21|0x0000000702a00000, 0x0000000702c00000, 0x0000000702c00000|100%| S|CS|TAMS 0x0000000702a00000, 0x0000000702a00000| Complete 
|  22|0x0000000702c00000, 0x0000000702e00000, 0x0000000702e00000|100%| S|CS|TAMS 0x0000000702c00000, 0x0000000702c00000| Complete 
|  23|0x0000000702e00000, 0x0000000703000000, 0x0000000703000000|100%| S|CS|TAMS 0x0000000702e00000, 0x0000000702e00000| Complete 
|  24|0x0000000703000000, 0x0000000703000000, 0x0000000703200000|  0%| F|  |TAMS 0x0000000703000000, 0x0000000703000000| Untracked 
|  25|0x0000000703200000, 0x0000000703200000, 0x0000000703400000|  0%| F|  |TAMS 0x0000000703200000, 0x0000000703200000| Untracked 
|  26|0x0000000703400000, 0x0000000703400000, 0x0000000703600000|  0%| F|  |TAMS 0x0000000703400000, 0x0000000703400000| Untracked 
|  27|0x0000000703600000, 0x0000000703600000, 0x0000000703800000|  0%| F|  |TAMS 0x0000000703600000, 0x0000000703600000| Untracked 
|  28|0x0000000703800000, 0x0000000703800000, 0x0000000703a00000|  0%| F|  |TAMS 0x0000000703800000, 0x0000000703800000| Untracked 
|  29|0x0000000703a00000, 0x0000000703a00000, 0x0000000703c00000|  0%| F|  |TAMS 0x0000000703a00000, 0x0000000703a00000| Untracked 
|  30|0x0000000703c00000, 0x0000000703c00000, 0x0000000703e00000|  0%| F|  |TAMS 0x0000000703c00000, 0x0000000703c00000| Untracked 
|  31|0x0000000703e00000, 0x0000000703e00000, 0x0000000704000000|  0%| F|  |TAMS 0x0000000703e00000, 0x0000000703e00000| Untracked 
|  32|0x0000000704000000, 0x0000000704000000, 0x0000000704200000|  0%| F|  |TAMS 0x0000000704000000, 0x0000000704000000| Untracked 
|  33|0x0000000704200000, 0x0000000704200000, 0x0000000704400000|  0%| F|  |TAMS 0x0000000704200000, 0x0000000704200000| Untracked 
|  34|0x0000000704400000, 0x00000007044af110, 0x0000000704600000| 34%| E|  |TAMS 0x0000000704400000, 0x0000000704400000| Complete 
|  35|0x0000000704600000, 0x0000000704800000, 0x0000000704800000|100%| E|CS|TAMS 0x0000000704600000, 0x0000000704600000| Complete 
|  36|0x0000000704800000, 0x0000000704a00000, 0x0000000704a00000|100%| E|CS|TAMS 0x0000000704800000, 0x0000000704800000| Complete 
|  37|0x0000000704a00000, 0x0000000704c00000, 0x0000000704c00000|100%| E|CS|TAMS 0x0000000704a00000, 0x0000000704a00000| Complete 
|  99|0x000000070c600000, 0x000000070c800000, 0x000000070c800000|100%| E|CS|TAMS 0x000000070c600000, 0x000000070c600000| Complete 
| 100|0x000000070c800000, 0x000000070ca00000, 0x000000070ca00000|100%| E|CS|TAMS 0x000000070c800000, 0x000000070c800000| Complete 
| 101|0x000000070ca00000, 0x000000070cc00000, 0x000000070cc00000|100%| E|CS|TAMS 0x000000070ca00000, 0x000000070ca00000| Complete 
| 102|0x000000070cc00000, 0x000000070ce00000, 0x000000070ce00000|100%| E|CS|TAMS 0x000000070cc00000, 0x000000070cc00000| Complete 
| 127|0x000000070fe00000, 0x0000000710000000, 0x0000000710000000|100%| E|  |TAMS 0x000000070fe00000, 0x000000070fe00000| Complete 
|1534|0x00000007bfc00000, 0x00000007bfd51000, 0x00000007bfe00000| 65%|OA|  |TAMS 0x00000007bfd51000, 0x00000007bfc00000| Untracked 
|1535|0x00000007bfe00000, 0x00000007bfe79000, 0x00000007c0000000| 23%|CA|  |TAMS 0x00000007bfe79000, 0x00000007bfe00000| Untracked 

Card table byte_map: [0x0000000111887000,0x0000000112087000] _byte_map_base: 0x000000010e087000

Marking Bits (Prev, Next): (CMBitMap*) 0x00007f89d5825c10, (CMBitMap*) 0x00007f89d5825c50
 Prev Bits: [0x0000000132904000, 0x0000000136904000)
 Next Bits: [0x0000000136904000, 0x000000013a904000)

Polling page: 0x0000000110ded000

Metaspace:

Usage:
  Non-class:     32.04 MB capacity,    31.14 MB ( 97%) used,   851.16 KB (  3%) free+waste,    68.06 KB ( <1%) overhead. 
      Class:      5.11 MB capacity,     4.39 MB ( 86%) used,   700.48 KB ( 13%) free+waste,    37.88 KB ( <1%) overhead. 
       Both:     37.15 MB capacity,    35.53 MB ( 96%) used,     1.52 MB (  4%) free+waste,   105.94 KB ( <1%) overhead. 

Virtual space:
  Non-class space:       34.00 MB reserved,      32.25 MB ( 95%) committed 
      Class space:        1.00 GB reserved,       5.12 MB ( <1%) committed 
             Both:        1.03 GB reserved,      37.38 MB (  4%) committed 

Chunk freelists:
   Non-Class:  104.00 KB
       Class:  13.00 KB
        Both:  117.00 KB

MaxMetaspaceSize: 17179869184.00 GB
CompressedClassSpaceSize: 1.00 GB

CodeHeap 'non-profiled nmethods': size=119168Kb used=1777Kb max_used=1777Kb free=117390Kb
 bounds [0x000000012b4a4000, 0x000000012b714000, 0x0000000132904000]
CodeHeap 'profiled nmethods': size=119164Kb used=8740Kb max_used=8740Kb free=110423Kb
 bounds [0x0000000124045000, 0x00000001248d5000, 0x000000012b4a4000]
CodeHeap 'non-nmethods': size=7428Kb used=2390Kb max_used=3046Kb free=5038Kb
 bounds [0x0000000123904000, 0x0000000123c14000, 0x0000000124045000]
 total_blobs=5163 nmethods=4367 adapters=709
 compilation: enabled
              stopped_count=0, restarted_count=0
 full_count=0

Compilation events (20 events):
Event: 19.955 Thread 0x00007f89d4809200 nmethod 4538 0x00000001248c7090 code [0x00000001248c7280, 0x00000001248c7790]
Event: 19.955 Thread 0x00007f89d9808800 nmethod 4541 0x000000012b65fe90 code [0x000000012b660000, 0x000000012b660078]
Event: 19.955 Thread 0x00007f89d4809200 4539       3       java.lang.StringUTF16::checkIndex (9 bytes)
Event: 19.955 Thread 0x00007f89d4809200 nmethod 4539 0x00000001248c7a10 code [0x00000001248c7bc0, 0x00000001248c7d40]
Event: 19.955 Thread 0x00007f89d4809200 4540       3       java.lang.StringUTF16::charAt (11 bytes)
Event: 19.955 Thread 0x00007f89d4809200 nmethod 4540 0x00000001248c7e10 code [0x00000001248c7fc0, 0x00000001248c81a0]
Event: 19.955 Thread 0x00007f89d4809200 4542       3       java.lang.String::getBytes (44 bytes)
Event: 19.955 Thread 0x00007f89d4809200 nmethod 4542 0x00000001248c8310 code [0x00000001248c84e0, 0x00000001248c87d0]
Event: 19.955 Thread 0x00007f89d4809200 4543       3       org.testng.shaded.com.google.gson.internal.$Gson$Types::canonicalize (139 bytes)
Event: 19.956 Thread 0x00007f89d4809200 nmethod 4543 0x00000001248c8910 code [0x00000001248c8c20, 0x00000001248ca380]
Event: 19.956 Thread 0x00007f89d4809200 4547       3       java.lang.String::getChars (54 bytes)
Event: 19.956 Thread 0x00007f89d4809200 nmethod 4547 0x00000001248ca810 code [0x00000001248caa00, 0x00000001248cae50]
Event: 19.956 Thread 0x00007f89d4809200 4546       3       org.testng.shaded.com.google.gson.internal.$Gson$Types::getRawType (157 bytes)
Event: 19.957 Thread 0x00007f89d4809200 nmethod 4546 0x00000001248cb010 code [0x00000001248cb3e0, 0x00000001248cd160]
Event: 19.957 Thread 0x00007f89d4809200 4544       3       java.util.Collections::singletonList (9 bytes)
Event: 19.957 Thread 0x00007f89d4809200 nmethod 4544 0x00000001248cd890 code [0x00000001248cda40, 0x00000001248cdd50]
Event: 19.957 Thread 0x00007f89d4809200 4545       3       java.util.Collections$SingletonList::<init> (10 bytes)
Event: 19.957 Thread 0x00007f89d4809200 nmethod 4545 0x00000001248cde90 code [0x00000001248ce040, 0x00000001248ce2b0]
Event: 19.957 Thread 0x00007f89d4809200 4548       1       org.testng.internal.Arguments::getTestMethod (5 bytes)
Event: 19.957 Thread 0x00007f89d4809200 nmethod 4548 0x000000012b660190 code [0x000000012b660320, 0x000000012b6603d0]

GC Heap History (12 events):
Event: 0.529 GC heap before
{Heap before GC invocations=0 (full 0):
 garbage-first heap   total 266240K, used 22312K [0x0000000700000000, 0x0000000800000000)
  region size 2048K, 11 young (22528K), 0 survivors (0K)
 Metaspace       used 7884K, capacity 8106K, committed 8448K, reserved 1056768K
  class space    used 910K, capacity 973K, committed 1024K, reserved 1048576K
}
Event: 0.532 GC heap after
{Heap after GC invocations=1 (full 0):
 garbage-first heap   total 266240K, used 7474K [0x0000000700000000, 0x0000000800000000)
  region size 2048K, 2 young (4096K), 2 survivors (4096K)
 Metaspace       used 7884K, capacity 8106K, committed 8448K, reserved 1056768K
  class space    used 910K, capacity 973K, committed 1024K, reserved 1048576K
}
Event: 0.776 GC heap before
{Heap before GC invocations=1 (full 0):
 garbage-first heap   total 266240K, used 34098K [0x0000000700000000, 0x0000000800000000)
  region size 2048K, 15 young (30720K), 2 survivors (4096K)
 Metaspace       used 13759K, capacity 14084K, committed 14336K, reserved 1062912K
  class space    used 1655K, capacity 1758K, committed 1792K, reserved 1048576K
}
Event: 0.780 GC heap after
{Heap after GC invocations=2 (full 0):
 garbage-first heap   total 266240K, used 8999K [0x0000000700000000, 0x0000000800000000)
  region size 2048K, 1 young (2048K), 1 survivors (2048K)
 Metaspace       used 13759K, capacity 14084K, committed 14336K, reserved 1062912K
  class space    used 1655K, capacity 1758K, committed 1792K, reserved 1048576K
}
Event: 1.163 GC heap before
{Heap before GC invocations=2 (full 0):
 garbage-first heap   total 266240K, used 56103K [0x0000000700000000, 0x0000000800000000)
  region size 2048K, 25 young (51200K), 1 survivors (2048K)
 Metaspace       used 20518K, capacity 20843K, committed 21248K, reserved 1069056K
  class space    used 2335K, capacity 2473K, committed 2560K, reserved 1048576K
}
Event: 1.168 GC heap after
{Heap after GC invocations=3 (full 0):
 garbage-first heap   total 266240K, used 16201K [0x0000000700000000, 0x0000000800000000)
  region size 2048K, 4 young (8192K), 4 survivors (8192K)
 Metaspace       used 20518K, capacity 20843K, committed 21248K, reserved 1069056K
  class space    used 2335K, capacity 2473K, committed 2560K, reserved 1048576K
}
Event: 1.439 GC heap before
{Heap before GC invocations=4 (full 0):
 garbage-first heap   total 75776K, used 53065K [0x0000000700000000, 0x0000000800000000)
  region size 2048K, 22 young (45056K), 4 survivors (8192K)
 Metaspace       used 24565K, capacity 25529K, committed 25728K, reserved 1071104K
  class space    used 2892K, capacity 3344K, committed 3456K, reserved 1048576K
}
Event: 1.445 GC heap after
{Heap after GC invocations=5 (full 0):
 garbage-first heap   total 75776K, used 18659K [0x0000000700000000, 0x0000000800000000)
  region size 2048K, 3 young (6144K), 3 survivors (6144K)
 Metaspace       used 24565K, capacity 25529K, committed 25728K, reserved 1071104K
  class space    used 2892K, capacity 3344K, committed 3456K, reserved 1048576K
}
Event: 1.529 GC heap before
{Heap before GC invocations=6 (full 0):
 garbage-first heap   total 75776K, used 47331K [0x0000000700000000, 0x0000000800000000)
  region size 2048K, 18 young (36864K), 3 survivors (6144K)
 Metaspace       used 27144K, capacity 28205K, committed 28544K, reserved 1075200K
  class space    used 3215K, capacity 3642K, committed 3712K, reserved 1048576K
}
Event: 1.533 GC heap after
{Heap after GC invocations=7 (full 0):
 garbage-first heap   total 92160K, used 20905K [0x0000000700000000, 0x0000000800000000)
  region size 2048K, 2 young (4096K), 2 survivors (4096K)
 Metaspace       used 27144K, capacity 28205K, committed 28544K, reserved 1075200K
  class space    used 3215K, capacity 3642K, committed 3712K, reserved 1048576K
}
Event: 2.253 GC heap before
{Heap before GC invocations=7 (full 0):
 garbage-first heap   total 92160K, used 57769K [0x0000000700000000, 0x0000000800000000)
  region size 2048K, 21 young (43008K), 2 survivors (4096K)
 Metaspace       used 34120K, capacity 35585K, committed 35840K, reserved 1081344K
  class space    used 4189K, capacity 4810K, committed 4864K, reserved 1048576K
}
Event: 2.256 GC heap after
{Heap after GC invocations=8 (full 0):
 garbage-first heap   total 92160K, used 25429K [0x0000000700000000, 0x0000000800000000)
  region size 2048K, 3 young (6144K), 3 survivors (6144K)
 Metaspace       used 34120K, capacity 35585K, committed 35840K, reserved 1081344K
  class space    used 4189K, capacity 4810K, committed 4864K, reserved 1048576K
}

Deoptimization events (20 events):
Event: 19.951 Thread 0x00007f89d5216000 DEOPT PACKING pc=0x000000012b4d0870 sp=0x000070000a71c6d0
Event: 19.951 Thread 0x00007f89d5216000 DEOPT UNPACKING pc=0x0000000123952125 sp=0x000070000a71c660 mode 2
Event: 19.951 Thread 0x00007f89d5216000 Uncommon trap: trap_request=0xffffff45 fr.pc=0x000000012b4cad80 relative=0x0000000000000180
Event: 19.951 Thread 0x00007f89d5216000 Uncommon trap: reason=unstable_if action=reinterpret pc=0x000000012b4cad80 method=java.lang.String.getBytes([BIB)V @ 5 c2
Event: 19.951 Thread 0x00007f89d5216000 DEOPT PACKING pc=0x000000012b4cad80 sp=0x000070000a71c600
Event: 19.951 Thread 0x00007f89d5216000 DEOPT UNPACKING pc=0x0000000123952125 sp=0x000070000a71c5d8 mode 2
Event: 19.951 Thread 0x00007f89d5216000 Uncommon trap: trap_request=0xffffff45 fr.pc=0x000000012b612438 relative=0x0000000000000318
Event: 19.951 Thread 0x00007f89d5216000 Uncommon trap: reason=unstable_if action=reinterpret pc=0x000000012b612438 method=java.lang.String.getChars(II[CI)V @ 23 c2
Event: 19.951 Thread 0x00007f89d5216000 DEOPT PACKING pc=0x000000012b612438 sp=0x000070000a71c590
Event: 19.951 Thread 0x00007f89d5216000 DEOPT UNPACKING pc=0x0000000123952125 sp=0x000070000a71c568 mode 2
Event: 19.954 Thread 0x00007f89d5216000 Uncommon trap: trap_request=0xffffff45 fr.pc=0x000000012b547b3c relative=0x000000000000051c
Event: 19.954 Thread 0x00007f89d5216000 Uncommon trap: reason=unstable_if action=reinterpret pc=0x000000012b547b3c method=java.lang.String.charAt(I)C @ 4 c2
Event: 19.954 Thread 0x00007f89d5216000 DEOPT PACKING pc=0x000000012b547b3c sp=0x000070000a71d110
Event: 19.954 Thread 0x00007f89d5216000 DEOPT UNPACKING pc=0x0000000123952125 sp=0x000070000a71d058 mode 2
Event: 19.954 Thread 0x00007f89d5216000 Uncommon trap: trap_request=0xffffff45 fr.pc=0x000000012b4a4254 relative=0x00000000000000d4
Event: 19.954 Thread 0x00007f89d5216000 Uncommon trap: reason=unstable_if action=reinterpret pc=0x000000012b4a4254 method=java.lang.String.isLatin1()Z @ 10 c2
Event: 19.954 Thread 0x00007f89d5216000 DEOPT PACKING pc=0x000000012b4a4254 sp=0x000070000a71d070
Event: 19.954 Thread 0x00007f89d5216000 DEOPT UNPACKING pc=0x0000000123952125 sp=0x000070000a71cfe0 mode 2
Event: 19.955 Thread 0x00007f89d5216000 DEOPT PACKING pc=0x000000012462f1bc sp=0x000070000a71cec0
Event: 19.955 Thread 0x00007f89d5216000 DEOPT UNPACKING pc=0x0000000123951f2b sp=0x000070000a71c428 mode 1

Classes unloaded (0 events):
No events

Classes redefined (4 events):
Event: 64.063 Thread 0x00007f89d463aa70 redefined class name=com.TestRunner.TestRunner, count=1
Event: 173.347 Thread 0x00007f89d463aa70 redefined class name=com.stepDefinitions.GetUsersStepDef, count=1
Event: 269.210 Thread 0x00007f89d463aa70 redefined class name=com.stepDefinitions.GetUsersStepDef, count=2
Event: 369.855 Thread 0x00007f89d463aa70 redefined class name=com.stepDefinitions.GetUsersStepDef, count=3

Internal exceptions (20 events):
Event: 10.831 Thread 0x00007f89d500ae00 Exception <a 'java/lang/ClassNotFoundException'{0x0000000704aec350}: org/apache/http/HttpRequestCustomizer> (0x0000000704aec350) 
thrown [./open/src/hotspot/share/classfile/systemDictionary.cpp, line 295]
Event: 10.831 Thread 0x00007f89d500ae00 Exception <a 'java/lang/ClassNotFoundException'{0x0000000704af82a8}: org/apache/http/client/methods/HttpUriRequestBeanInfo> (0x0000000704af82a8) 
thrown [./open/src/hotspot/share/classfile/systemDictionary.cpp, line 295]
Event: 10.831 Thread 0x00007f89d500ae00 Exception <a 'java/lang/ClassNotFoundException'{0x0000000704afcf78}: org/apache/http/client/methods/HttpUriRequestCustomizer> (0x0000000704afcf78) 
thrown [./open/src/hotspot/share/classfile/systemDictionary.cpp, line 295]
Event: 10.832 Thread 0x00007f89d500ae00 Exception <a 'java/lang/ClassNotFoundException'{0x0000000704b0aba8}: org/apache/http/client/methods/ConfigurableBeanInfo> (0x0000000704b0aba8) 
thrown [./open/src/hotspot/share/classfile/systemDictionary.cpp, line 295]
Event: 10.832 Thread 0x00007f89d500ae00 Exception <a 'java/lang/ClassNotFoundException'{0x0000000704b0fb08}: org/apache/http/client/methods/ConfigurableCustomizer> (0x0000000704b0fb08) 
thrown [./open/src/hotspot/share/classfile/systemDictionary.cpp, line 295]
Event: 10.833 Thread 0x00007f89d500ae00 Exception <a 'java/lang/ClassNotFoundException'{0x0000000704b20208}: groovy/runtime/metaclass/[Lorg/apache/http/Header;MetaClass> (0x0000000704b20208) 
thrown [./open/src/hotspot/share/prims/jni.cpp, line 599]
Event: 10.833 Thread 0x00007f89d500ae00 Exception <a 'java/lang/ClassNotFoundException'{0x0000000704b26c50}: [Lorg/apache/http/Header;BeanInfo> (0x0000000704b26c50) 
thrown [./open/src/hotspot/share/prims/jni.cpp, line 599]
Event: 10.833 Thread 0x00007f89d500ae00 Exception <a 'java/lang/ClassNotFoundException'{0x0000000704b27a10}: [Lorg/apache/http/Header;BeanInfo> (0x0000000704b27a10) 
thrown [./open/src/hotspot/share/prims/jni.cpp, line 599]
Event: 10.833 Thread 0x00007f89d500ae00 Exception <a 'java/lang/ClassNotFoundException'{0x0000000704b287d0}: [Lorg/apache/http/Header;BeanInfo> (0x0000000704b287d0) 
thrown [./open/src/hotspot/share/prims/jni.cpp, line 599]
Event: 10.833 Thread 0x00007f89d500ae00 Exception <a 'java/lang/ClassNotFoundException'{0x0000000704b29658}: [Lorg/apache/http/Header;Customizer> (0x0000000704b29658) 
thrown [./open/src/hotspot/share/prims/jni.cpp, line 599]
Event: 10.833 Thread 0x00007f89d500ae00 Exception <a 'java/lang/ClassNotFoundException'{0x0000000704b2a418}: [Lorg/apache/http/Header;Customizer> (0x0000000704b2a418) 
thrown [./open/src/hotspot/share/prims/jni.cpp, line 599]
Event: 10.833 Thread 0x00007f89d500ae00 Exception <a 'java/lang/ClassNotFoundException'{0x0000000704b2b1d8}: [Lorg/apache/http/Header;Customizer> (0x0000000704b2b1d8) 
thrown [./open/src/hotspot/share/prims/jni.cpp, line 599]
Event: 11.383 Thread 0x00007f89d500ae00 Exception <a 'java/lang/ClassNotFoundException'{0x0000000704669ea0}: io/restassured/internal/mapping/ObjectMapperDeserializationContextImplBeanInfo> (0x0000000704669ea0) 
thrown [./open/src/hotspot/share/classfile/systemDictionary.cpp, line 295]
Event: 11.383 Thread 0x00007f89d500ae00 Exception <a 'java/lang/ClassNotFoundException'{0x000000070466de68}: io/restassured/internal/common/mapper/ObjectDeserializationContextImplBeanInfo> (0x000000070466de68) 
thrown [./open/src/hotspot/share/classfile/systemDictionary.cpp, line 295]
Event: 11.384 Thread 0x00007f89d500ae00 Exception <a 'java/lang/ClassNotFoundException'{0x0000000704671e38}: io/restassured/internal/common/mapper/ObjectDeserializationContextImplCustomizer> (0x0000000704671e38) 
thrown [./open/src/hotspot/share/classfile/systemDictionary.cpp, line 295]
Event: 11.384 Thread 0x00007f89d500ae00 Exception <a 'java/lang/ClassNotFoundException'{0x000000070467f1a0}: io/restassured/internal/mapping/ObjectMapperDeserializationContextImplCustomizer> (0x000000070467f1a0) 
thrown [./open/src/hotspot/share/classfile/systemDictionary.cpp, line 295]
Event: 11.386 Thread 0x00007f89d500ae00 Exception <a 'java/lang/ClassNotFoundException'{0x00000007046a1078}: io/restassured/internal/mapping/ObjectMapping$1BeanInfo> (0x00000007046a1078) 
thrown [./open/src/hotspot/share/classfile/systemDictionary.cpp, line 295]
Event: 11.386 Thread 0x00007f89d500ae00 Exception <a 'java/lang/ClassNotFoundException'{0x00000007046a4d98}: io/restassured/internal/mapping/ObjectMapping$1Customizer> (0x00000007046a4d98) 
thrown [./open/src/hotspot/share/classfile/systemDictionary.cpp, line 295]
Event: 19.946 Thread 0x00007f89d5216000 Exception <a 'java/lang/reflect/InvocationTargetException'{0x000000070442aaf0}> (0x000000070442aaf0) 
thrown [./open/src/hotspot/share/runtime/reflection.cpp, line 1157]
Event: 19.954 Thread 0x00007f89d5216000 Exception <a 'java/lang/reflect/InvocationTargetException'{0x0000000704443160}> (0x0000000704443160) 
thrown [./open/src/hotspot/share/runtime/reflection.cpp, line 1157]

Events (20 events):
Event: 269.439 Executing VM operation: GetFrameLocation
Event: 269.439 Executing VM operation: GetFrameLocation done
Event: 269.439 Executing VM operation: get/set locals
Event: 269.439 Executing VM operation: get/set locals done
Event: 269.439 Executing VM operation: GetFrameLocation
Event: 269.439 Executing VM operation: GetFrameLocation done
Event: 269.439 Executing VM operation: get/set locals
Event: 269.439 Executing VM operation: get/set locals done
Event: 369.850 Executing VM operation: RedefineClasses
Event: 369.864 Executing VM operation: RedefineClasses done
Event: 369.870 Executing VM operation: ChangeBreakpoints
Event: 369.871 Executing VM operation: ChangeBreakpoints done
Event: 369.872 Executing VM operation: GetFrameCount
Event: 369.872 Executing VM operation: GetFrameCount done
Event: 369.872 Executing VM operation: GetStackTrace
Event: 369.872 Executing VM operation: GetStackTrace done
Event: 369.885 Executing VM operation: GetFrameCount
Event: 369.885 Executing VM operation: GetFrameCount done
Event: 370.079 Executing VM operation: GetFrameLocation
Event: 370.079 Executing VM operation: GetFrameLocation done


Dynamic libraries:
0x00007fff2a4d9000 	/usr/lib/libz.1.dylib
0x000000010fdf1000 	/Library/Java/JavaVirtualMachines/jdk-15.0.2.jdk/Contents/Home/lib/libjli.dylib
0x00007fff34ea9000 	/System/Library/Frameworks/Cocoa.framework/Versions/A/Cocoa
0x00007fff22275000 	/System/Library/Frameworks/Security.framework/Versions/A/Security
0x00007fff330cc000 	/System/Library/Frameworks/ApplicationServices.framework/Versions/A/ApplicationServices
0x00007fff2a5a1000 	/usr/lib/libSystem.B.dylib
0x00007fff2a59b000 	/usr/lib/system/libcache.dylib
0x00007fff2a557000 	/usr/lib/system/libcommonCrypto.dylib
0x00007fff2a581000 	/usr/lib/system/libcompiler_rt.dylib
0x00007fff2a576000 	/usr/lib/system/libcopyfile.dylib
0x00007fff20176000 	/usr/lib/system/libcorecrypto.dylib
0x00007fff20241000 	/usr/lib/system/libdispatch.dylib
0x00007fff203f4000 	/usr/lib/system/libdyld.dylib
0x00007fff2a592000 	/usr/lib/system/libkeymgr.dylib
0x00007fff2d997000 	/usr/lib/system/liblaunch.dylib
0x00007fff2a535000 	/usr/lib/system/libmacho.dylib
0x00007fff29d2d000 	/usr/lib/system/libquarantine.dylib
0x00007fff2a58f000 	/usr/lib/system/libremovefile.dylib
0x00007fff24c43000 	/usr/lib/system/libsystem_asl.dylib
0x00007fff20126000 	/usr/lib/system/libsystem_blocks.dylib
0x00007fff202c3000 	/usr/lib/system/libsystem_c.dylib
0x00007fff2a589000 	/usr/lib/system/libsystem_collections.dylib
0x00007fff29033000 	/usr/lib/system/libsystem_configuration.dylib
0x00007fff28320000 	/usr/lib/system/libsystem_containermanager.dylib
0x00007fff2a2d8000 	/usr/lib/system/libsystem_coreservices.dylib
0x00007fff2282a000 	/usr/lib/system/libsystem_darwin.dylib
0x00007fff2a593000 	/usr/lib/system/libsystem_dnssd.dylib
0x00007fff202c0000 	/usr/lib/system/libsystem_featureflags.dylib
0x00007fff2043a000 	/usr/lib/system/libsystem_info.dylib
0x00007fff2a4ec000 	/usr/lib/system/libsystem_m.dylib
0x00007fff20214000 	/usr/lib/system/libsystem_malloc.dylib
0x00007fff24bd6000 	/usr/lib/system/libsystem_networkextension.dylib
0x00007fff22c49000 	/usr/lib/system/libsystem_notify.dylib
0x00007fff2fe1b000 	/usr/lib/system/libsystem_product_info_filter.dylib
0x00007fff29037000 	/usr/lib/system/libsystem_sandbox.dylib
0x00007fff2a58c000 	/usr/lib/system/libsystem_secinit.dylib
0x00007fff203b8000 	/usr/lib/system/libsystem_kernel.dylib
0x00007fff20430000 	/usr/lib/system/libsystem_platform.dylib
0x00007fff203e8000 	/usr/lib/system/libsystem_pthread.dylib
0x00007fff2631d000 	/usr/lib/system/libsystem_symptoms.dylib
0x00007fff2015e000 	/usr/lib/system/libsystem_trace.dylib
0x00007fff2a563000 	/usr/lib/system/libunwind.dylib
0x00007fff20128000 	/usr/lib/system/libxpc.dylib
0x00007fff203a2000 	/usr/lib/libc++abi.dylib
0x00007fff20286000 	/usr/lib/libobjc.A.dylib
0x00007fff2a56e000 	/usr/lib/liboah.dylib
0x00007fff2034c000 	/usr/lib/libc++.1.dylib
0x00007fff20466000 	/System/Library/Frameworks/CoreFoundation.framework/Versions/A/CoreFoundation
0x00007fff21210000 	/System/Library/Frameworks/Foundation.framework/Versions/C/Foundation
0x00007fff22ca3000 	/System/Library/Frameworks/AppKit.framework/Versions/C/AppKit
0x00007fff25b59000 	/System/Library/Frameworks/CoreData.framework/Versions/A/CoreData
0x00007fff239eb000 	/System/Library/PrivateFrameworks/UIFoundation.framework/Versions/A/UIFoundation
0x00007fff2fbae000 	/System/Library/PrivateFrameworks/RemoteViewServices.framework/Versions/A/RemoteViewServices
0x00007fff289e6000 	/System/Library/PrivateFrameworks/XCTTargetBootstrap.framework/Versions/A/XCTTargetBootstrap
0x00007fff2b6c1000 	/usr/lib/libspindump.dylib
0x00007fff23c3a000 	/System/Library/Frameworks/UniformTypeIdentifiers.framework/Versions/A/UniformTypeIdentifiers
0x00007fff271ea000 	/usr/lib/libapp_launch_measurement.dylib
0x00007fff271ed000 	/System/Library/PrivateFrameworks/CoreAutoLayout.framework/Versions/A/CoreAutoLayout
0x00007fff2834d000 	/System/Library/Frameworks/Metal.framework/Versions/A/Metal
0x00007fff29042000 	/usr/lib/liblangid.dylib
0x00007fff289ea000 	/System/Library/PrivateFrameworks/CoreSVG.framework/Versions/A/CoreSVG
0x00007fff24c72000 	/System/Library/PrivateFrameworks/SkyLight.framework/Versions/A/SkyLight
0x00007fff24fd6000 	/System/Library/Frameworks/CoreGraphics.framework/Versions/A/CoreGraphics
0x00007fff300d0000 	/System/Library/Frameworks/Accelerate.framework/Versions/A/Accelerate
0x00007fff2b100000 	/System/Library/PrivateFrameworks/IconServices.framework/Versions/A/IconServices
0x00007fff28331000 	/System/Library/Frameworks/IOSurface.framework/Versions/A/IOSurface
0x00007fff264da000 	/usr/lib/libDiagnosticMessagesClient.dylib
0x00007fff289d2000 	/System/Library/PrivateFrameworks/DFRFoundation.framework/Versions/A/DFRFoundation
0x00007fff225ca000 	/usr/lib/libicucore.A.dylib
0x00007fff2cc00000 	/System/Library/Frameworks/AudioToolbox.framework/Versions/A/AudioToolbox
0x00007fff2be92000 	/System/Library/PrivateFrameworks/DataDetectorsCore.framework/Versions/A/DataDetectorsCore
0x00007fff24be6000 	/usr/lib/libMobileGestalt.dylib
0x00007fff286d6000 	/System/Library/Frameworks/Carbon.framework/Versions/A/Frameworks/HIToolbox.framework/Versions/A/HIToolbox
0x00007fff26c34000 	/System/Library/Frameworks/QuartzCore.framework/Versions/A/QuartzCore
0x00007fff2fbe6000 	/System/Library/Frameworks/Carbon.framework/Versions/A/Frameworks/SpeechRecognition.framework/Versions/A/SpeechRecognition
0x00007fff26f53000 	/System/Library/PrivateFrameworks/CoreUI.framework/Versions/A/CoreUI
0x00007fff21be4000 	/System/Library/Frameworks/CoreAudio.framework/Versions/A/CoreAudio
0x00007fff265c5000 	/System/Library/Frameworks/DiskArbitration.framework/Versions/A/DiskArbitration
0x00007fff2ba8f000 	/System/Library/PrivateFrameworks/MultitouchSupport.framework/Versions/A/MultitouchSupport
0x00007fff2be89000 	/System/Library/PrivateFrameworks/InternationalSupport.framework/Versions/A/InternationalSupport
0x00007fff24be5000 	/usr/lib/libenergytrace.dylib
0x00007fff22b9a000 	/System/Library/Frameworks/IOKit.framework/Versions/A/IOKit
0x00007fff2ff19000 	/System/Library/Frameworks/CoreServices.framework/Versions/A/CoreServices
0x00007fff27180000 	/System/Library/PrivateFrameworks/PerformanceAnalysis.framework/Versions/A/PerformanceAnalysis
0x00007fff6b955000 	/System/Library/Frameworks/OpenGL.framework/Versions/A/OpenGL
0x00007fff2bf0d000 	/System/Library/PrivateFrameworks/UserActivity.framework/Versions/A/UserActivity
0x00007fff25660000 	/System/Library/Frameworks/ColorSync.framework/Versions/A/ColorSync
0x00007fff28c50000 	/System/Library/Frameworks/CoreImage.framework/Versions/A/CoreImage
0x00007fff219ff000 	/System/Library/Frameworks/CoreText.framework/Versions/A/CoreText
0x00007fff28a14000 	/System/Library/Frameworks/ImageIO.framework/Versions/A/ImageIO
0x00007fff2a5a7000 	/System/Library/PrivateFrameworks/SoftLinking.framework/Versions/A/SoftLinking
0x00007fff27235000 	/usr/lib/libxml2.2.dylib
0x00007fff2a818000 	/usr/lib/libcompression.dylib
0x00007fff2bdbb000 	/System/Library/PrivateFrameworks/TextureIO.framework/Versions/A/TextureIO
0x00007fff2ae3f000 	/usr/lib/libate.dylib
0x00007fff2ac25000 	/usr/lib/liblzma.5.dylib
0x00007fff20f24000 	/System/Library/Frameworks/SystemConfiguration.framework/Versions/A/SystemConfiguration
0x00007fff2a5a3000 	/usr/lib/libfakelink.dylib
0x00007fff24737000 	/System/Library/Frameworks/CFNetwork.framework/Versions/A/CFNetwork
0x00007fff2a6e3000 	/usr/lib/libarchive.2.dylib
0x00007fff20fa2000 	/usr/lib/libCRFSuite.dylib
0x00007fff29d54000 	/usr/lib/libbsm.0.dylib
0x00007fff240b7000 	/usr/lib/libnetwork.dylib
0x00007fff2a5a8000 	/usr/lib/libpcap.A.dylib
0x00007fff26316000 	/usr/lib/libdns_services.dylib
0x00007fff2ac3e000 	/usr/lib/libcoretls_cfhelpers.dylib
0x00007fff2a7e2000 	/usr/lib/libapple_nghttp2.dylib
0x00007fff2a53b000 	/usr/lib/system/libkxld.dylib
0x00007fff25f8f000 	/usr/lib/libsqlite3.dylib
0x00007fff2a2bb000 	/System/Library/PrivateFrameworks/AppleFSCompression.framework/Versions/A/AppleFSCompression
0x00007fff29d3c000 	/usr/lib/libcoretls.dylib
0x00007fff2a813000 	/usr/lib/libpam.2.dylib
0x00007fff2ad3b000 	/usr/lib/libxar.1.dylib
0x00007fff2903e000 	/System/Library/PrivateFrameworks/AppleSystemInfo.framework/Versions/A/AppleSystemInfo
0x00007fff2997e000 	/System/Library/PrivateFrameworks/IOMobileFramebuffer.framework/Versions/A/IOMobileFramebuffer
0x00007fff2a2cb000 	/usr/lib/libbz2.1.0.dylib
0x00007fff2a5e0000 	/usr/lib/libiconv.2.dylib
0x00007fff2a534000 	/usr/lib/libcharset.1.dylib
0x00007fff271bc000 	/System/Library/Frameworks/CoreServices.framework/Versions/A/Frameworks/FSEvents.framework/Versions/A/FSEvents
0x00007fff22834000 	/System/Library/Frameworks/CoreServices.framework/Versions/A/Frameworks/CarbonCore.framework/Versions/A/CarbonCore
0x00007fff2652a000 	/System/Library/Frameworks/CoreServices.framework/Versions/A/Frameworks/Metadata.framework/Versions/A/Metadata
0x00007fff2a2dd000 	/System/Library/Frameworks/CoreServices.framework/Versions/A/Frameworks/OSServices.framework/Versions/A/OSServices
0x00007fff2a755000 	/System/Library/Frameworks/CoreServices.framework/Versions/A/Frameworks/SearchKit.framework/Versions/A/SearchKit
0x00007fff262a1000 	/System/Library/Frameworks/CoreServices.framework/Versions/A/Frameworks/AE.framework/Versions/A/AE
0x00007fff20904000 	/System/Library/Frameworks/CoreServices.framework/Versions/A/Frameworks/LaunchServices.framework/Versions/A/LaunchServices
0x00007fff2abd5000 	/System/Library/Frameworks/CoreServices.framework/Versions/A/Frameworks/DictionaryServices.framework/Versions/A/DictionaryServices
0x00007fff271c5000 	/System/Library/Frameworks/CoreServices.framework/Versions/A/Frameworks/SharedFileList.framework/Versions/A/SharedFileList
0x00007fff29d30000 	/usr/lib/libCheckFix.dylib
0x00007fff24c5a000 	/System/Library/PrivateFrameworks/TCC.framework/Versions/A/TCC
0x00007fff29044000 	/System/Library/PrivateFrameworks/CoreNLP.framework/Versions/A/CoreNLP
0x00007fff264dd000 	/System/Library/PrivateFrameworks/MetadataUtilities.framework/Versions/A/MetadataUtilities
0x00007fff20fd7000 	/usr/lib/libmecabra.dylib
0x00007fff2a03a000 	/System/Library/Frameworks/MLCompute.framework/Versions/A/MLCompute
0x00007fff29d65000 	/usr/lib/libmecab.dylib
0x00007fff29daf000 	/usr/lib/libgermantok.dylib
0x00007fff2a7bd000 	/usr/lib/libThaiTokenizer.dylib
0x00007fff2ad76000 	/usr/lib/libChineseTokenizer.dylib
0x00007fff2a811000 	/System/Library/Frameworks/MetalPerformanceShaders.framework/Versions/A/MetalPerformanceShaders
0x00007fff265cc000 	/System/Library/Frameworks/Accelerate.framework/Versions/A/Frameworks/vImage.framework/Versions/A/vImage
0x00007fff2fef3000 	/System/Library/Frameworks/Accelerate.framework/Versions/A/Frameworks/vecLib.framework/Versions/A/vecLib
0x00007fff2ad81000 	/System/Library/Frameworks/Accelerate.framework/Versions/A/Frameworks/vecLib.framework/Versions/A/libvMisc.dylib
0x00007fff29799000 	/System/Library/Frameworks/Accelerate.framework/Versions/A/Frameworks/vecLib.framework/Versions/A/libvDSP.dylib
0x00007fff20c0b000 	/System/Library/Frameworks/Accelerate.framework/Versions/A/Frameworks/vecLib.framework/Versions/A/libBLAS.dylib
0x00007fff2a837000 	/System/Library/Frameworks/Accelerate.framework/Versions/A/Frameworks/vecLib.framework/Versions/A/libLAPACK.dylib
0x00007fff29db5000 	/System/Library/Frameworks/Accelerate.framework/Versions/A/Frameworks/vecLib.framework/Versions/A/libLinearAlgebra.dylib
0x00007fff2a7fa000 	/System/Library/Frameworks/Accelerate.framework/Versions/A/Frameworks/vecLib.framework/Versions/A/libSparseBLAS.dylib
0x00007fff2a831000 	/System/Library/Frameworks/Accelerate.framework/Versions/A/Frameworks/vecLib.framework/Versions/A/libQuadrature.dylib
0x00007fff290f0000 	/System/Library/Frameworks/Accelerate.framework/Versions/A/Frameworks/vecLib.framework/Versions/A/libBNNS.dylib
0x00007fff20eb5000 	/System/Library/Frameworks/Accelerate.framework/Versions/A/Frameworks/vecLib.framework/Versions/A/libSparse.dylib
0x00007fff28fcc000 	/System/Library/Frameworks/MetalPerformanceShaders.framework/Versions/A/Frameworks/MPSCore.framework/Versions/A/MPSCore
0x00007fff2a22a000 	/System/Library/Frameworks/MetalPerformanceShaders.framework/Versions/A/Frameworks/MPSImage.framework/Versions/A/MPSImage
0x00007fff29dcb000 	/System/Library/Frameworks/MetalPerformanceShaders.framework/Versions/A/Frameworks/MPSNeuralNetwork.framework/Versions/A/MPSNeuralNetwork
0x00007fff2a19c000 	/System/Library/Frameworks/MetalPerformanceShaders.framework/Versions/A/Frameworks/MPSMatrix.framework/Versions/A/MPSMatrix
0x00007fff29fea000 	/System/Library/Frameworks/MetalPerformanceShaders.framework/Versions/A/Frameworks/MPSRayIntersector.framework/Versions/A/MPSRayIntersector
0x00007fff2a1d3000 	/System/Library/Frameworks/MetalPerformanceShaders.framework/Versions/A/Frameworks/MPSNDArray.framework/Versions/A/MPSNDArray
0x00007fff20b37000 	/System/Library/PrivateFrameworks/MetalTools.framework/Versions/A/MetalTools
0x00007fff2903c000 	/System/Library/PrivateFrameworks/AggregateDictionary.framework/Versions/A/AggregateDictionary
0x00007fff264aa000 	/System/Library/PrivateFrameworks/CoreAnalytics.framework/Versions/A/CoreAnalytics
0x00007fff2a7bf000 	/System/Library/PrivateFrameworks/AppleSauce.framework/Versions/A/AppleSauce
0x00007fff28343000 	/System/Library/PrivateFrameworks/IOAccelerator.framework/Versions/A/IOAccelerator
0x00007fff6b949000 	/System/Library/Frameworks/OpenGL.framework/Versions/A/Libraries/libCoreFSCache.dylib
0x00007fff2156e000 	/System/Library/PrivateFrameworks/LanguageModeling.framework/Versions/A/LanguageModeling
0x00007fff2996c000 	/System/Library/PrivateFrameworks/CoreEmoji.framework/Versions/A/CoreEmoji
0x00007fff290e9000 	/System/Library/PrivateFrameworks/LinguisticData.framework/Versions/A/LinguisticData
0x00007fff20e68000 	/System/Library/PrivateFrameworks/Lexicon.framework/Versions/A/Lexicon
0x00007fff2a6d1000 	/usr/lib/libcmph.dylib
0x00007fff2719c000 	/System/Library/Frameworks/OpenDirectory.framework/Versions/A/Frameworks/CFOpenDirectory.framework/Versions/A/CFOpenDirectory
0x00007fff2718c000 	/System/Library/Frameworks/OpenDirectory.framework/Versions/A/OpenDirectory
0x00007fff2ac40000 	/System/Library/PrivateFrameworks/APFS.framework/Versions/A/APFS
0x00007fff29c92000 	/System/Library/Frameworks/SecurityFoundation.framework/Versions/A/SecurityFoundation
0x00007fff2ad49000 	/usr/lib/libutil.dylib
0x00007fff22b5f000 	/System/Library/PrivateFrameworks/CoreServicesStore.framework/Versions/A/CoreServicesStore
0x00007fff29d28000 	/System/Library/Frameworks/ServiceManagement.framework/Versions/A/ServiceManagement
0x00007fff2ad4d000 	/usr/lib/libxslt.1.dylib
0x00007fff29d1e000 	/System/Library/PrivateFrameworks/BackgroundTaskManagement.framework/Versions/A/BackgroundTaskManagement
0x00007fff2bd05000 	/System/Library/Frameworks/ImageIO.framework/Versions/A/Resources/libRadiance.dylib
0x00007fff2bd0f000 	/System/Library/Frameworks/ImageIO.framework/Versions/A/Resources/libJPEG.dylib
0x00007fff2bc59000 	/System/Library/Frameworks/ImageIO.framework/Versions/A/Resources/libPng.dylib
0x00007fff2bc80000 	/System/Library/Frameworks/ImageIO.framework/Versions/A/Resources/libTIFF.dylib
0x00007fff2bd64000 	/System/Library/Frameworks/ImageIO.framework/Versions/A/Resources/libGIF.dylib
0x00007fff2b9ab000 	/System/Library/Frameworks/ImageIO.framework/Versions/A/Resources/libJP2.dylib
0x00007fff2b0c8000 	/usr/lib/libexpat.1.dylib
0x00007fff2b961000 	/System/Library/PrivateFrameworks/AppleJPEG.framework/Versions/A/AppleJPEG
0x00007fff28579000 	/System/Library/PrivateFrameworks/FontServices.framework/libFontParser.dylib
0x00007fff26258000 	/System/Library/PrivateFrameworks/RunningBoardServices.framework/Versions/A/RunningBoardServices
0x00007fff2ba8b000 	/System/Library/PrivateFrameworks/WatchdogClient.framework/Versions/A/WatchdogClient
0x00007fff21657000 	/System/Library/Frameworks/CoreDisplay.framework/Versions/A/CoreDisplay
0x00007fff2848e000 	/System/Library/Frameworks/CoreMedia.framework/Versions/A/CoreMedia
0x00007fff27318000 	/System/Library/Frameworks/CoreVideo.framework/Versions/A/CoreVideo
0x00007fff2bac6000 	/System/Library/Frameworks/VideoToolbox.framework/Versions/A/VideoToolbox
0x00007fff261d8000 	/System/Library/PrivateFrameworks/BaseBoard.framework/Versions/A/BaseBoard
0x00007fff2b20b000 	/System/Library/PrivateFrameworks/PersistentConnection.framework/Versions/A/PersistentConnection
0x00007fff25f79000 	/System/Library/PrivateFrameworks/ProtocolBuffer.framework/Versions/A/ProtocolBuffer
0x00007fff261c0000 	/System/Library/PrivateFrameworks/CommonUtilities.framework/Versions/A/CommonUtilities
0x00007fff2b924000 	/System/Library/PrivateFrameworks/Bom.framework/Versions/A/Bom
0x00007fff2bcfd000 	/System/Library/PrivateFrameworks/GPUWrangler.framework/Versions/A/GPUWrangler
0x00007fff2bce0000 	/System/Library/PrivateFrameworks/IOPresentment.framework/Versions/A/IOPresentment
0x00007fff2bd09000 	/System/Library/PrivateFrameworks/DSExternalDisplay.framework/Versions/A/DSExternalDisplay
0x00007fff2bd69000 	/System/Library/PrivateFrameworks/CMCaptureCore.framework/Versions/A/CMCaptureCore
0x00007fff2b6a7000 	/System/Library/PrivateFrameworks/AppServerSupport.framework/Versions/A/AppServerSupport
0x00007fff2d73a000 	/System/Library/PrivateFrameworks/perfdata.framework/Versions/A/perfdata
0x00007fff29c81000 	/System/Library/PrivateFrameworks/AssertionServices.framework/Versions/A/AssertionServices
0x00007fff2178e000 	/System/Library/PrivateFrameworks/AudioToolboxCore.framework/Versions/A/AudioToolboxCore
0x00007fff28471000 	/System/Library/PrivateFrameworks/caulk.framework/Versions/A/caulk
0x00007fff3cb2f000 	/System/Library/PrivateFrameworks/SystemPolicy.framework/Versions/A/SystemPolicy
0x00007fff2aed7000 	/usr/lib/libIOReport.dylib
0x00007fff2cf76000 	/usr/lib/libSMC.dylib
0x00007fff2bc25000 	/usr/lib/libAudioToolboxUtility.dylib
0x00007fff3d48a000 	/usr/lib/libmis.dylib
0x00007fff6b9a5000 	/System/Library/Frameworks/OpenGL.framework/Versions/A/Libraries/libGLU.dylib
0x00007fff6b968000 	/System/Library/Frameworks/OpenGL.framework/Versions/A/Libraries/libGFXShared.dylib
0x00007fff6bb76000 	/System/Library/Frameworks/OpenGL.framework/Versions/A/Libraries/libGL.dylib
0x00007fff6b971000 	/System/Library/Frameworks/OpenGL.framework/Versions/A/Libraries/libGLImage.dylib
0x00007fff6b965000 	/System/Library/Frameworks/OpenGL.framework/Versions/A/Libraries/libCVMSPluginSupport.dylib
0x00007fff6b950000 	/System/Library/Frameworks/OpenGL.framework/Versions/A/Libraries/libCoreVMClient.dylib
0x00007fff6cfc0000 	/System/Library/Frameworks/OpenCL.framework/Versions/A/OpenCL
0x00007fff2b234000 	/System/Library/PrivateFrameworks/GraphVisualizer.framework/Versions/A/GraphVisualizer
0x00007fff2b243000 	/System/Library/PrivateFrameworks/FaceCore.framework/Versions/A/FaceCore
0x00007fff2b65f000 	/System/Library/PrivateFrameworks/OTSVG.framework/Versions/A/OTSVG
0x00007fff26f11000 	/System/Library/Frameworks/ApplicationServices.framework/Versions/A/Frameworks/ATS.framework/Versions/A/Resources/libFontRegistry.dylib
0x00007fff2b6ae000 	/System/Library/PrivateFrameworks/FontServices.framework/libhvf.dylib
0x00007fff2b074000 	/System/Library/PrivateFrameworks/AppleVA.framework/Versions/A/AppleVA
0x00007fff2cdbe000 	/System/Library/Frameworks/ApplicationServices.framework/Versions/A/Frameworks/ATS.framework/Versions/A/ATS
0x00007fff2d0d1000 	/System/Library/Frameworks/ApplicationServices.framework/Versions/A/Frameworks/ColorSyncLegacy.framework/Versions/A/ColorSyncLegacy
0x00007fff25757000 	/System/Library/Frameworks/ApplicationServices.framework/Versions/A/Frameworks/HIServices.framework/Versions/A/HIServices
0x00007fff2d0b6000 	/System/Library/Frameworks/ApplicationServices.framework/Versions/A/Frameworks/LangAnalysis.framework/Versions/A/LangAnalysis
0x00007fff2bd73000 	/System/Library/Frameworks/ApplicationServices.framework/Versions/A/Frameworks/PrintCore.framework/Versions/A/PrintCore
0x00007fff2d0d9000 	/System/Library/Frameworks/ApplicationServices.framework/Versions/A/Frameworks/QD.framework/Versions/A/QD
0x00007fff2cdae000 	/System/Library/Frameworks/ApplicationServices.framework/Versions/A/Frameworks/SpeechSynthesis.framework/Versions/A/SpeechSynthesis
0x00007fff2bd34000 	/System/Library/Frameworks/ApplicationServices.framework/Versions/A/Frameworks/ATSUI.framework/Versions/A/ATSUI
0x00007fff2d056000 	/usr/lib/libcups.2.dylib
0x00007fff2d0c6000 	/System/Library/PrivateFrameworks/NetAuth.framework/Versions/A/NetAuth
0x00007fff2d755000 	/System/Library/Frameworks/Kerberos.framework/Versions/A/Kerberos
0x00007fff2d765000 	/System/Library/Frameworks/GSS.framework/Versions/A/GSS
0x00007fff2ce2b000 	/usr/lib/libresolv.9.dylib
0x00007fff2b6c4000 	/System/Library/PrivateFrameworks/Heimdal.framework/Versions/A/Heimdal
0x00007fff333e1000 	/System/Library/Frameworks/Kerberos.framework/Versions/A/Libraries/libHeimdalProxy.dylib
0x00007fff26325000 	/System/Library/Frameworks/Network.framework/Versions/A/Network
0x00007fff2b0e1000 	/usr/lib/libheimdal-asn1.dylib
0x00007fff2d7b6000 	/System/Library/PrivateFrameworks/CommonAuth.framework/Versions/A/CommonAuth
0x00007fff27366000 	/System/Library/PrivateFrameworks/login.framework/Versions/A/Frameworks/loginsupport.framework/Versions/A/loginsupport
0x00007fff2cd35000 	/System/Library/PrivateFrameworks/AudioSession.framework/Versions/A/AudioSession
0x00007fff2cd9b000 	/usr/lib/libAudioStatistics.dylib
0x00007fff2b16d000 	/System/Library/PrivateFrameworks/MediaExperience.framework/Versions/A/MediaExperience
0x00007fff2cbce000 	/System/Library/PrivateFrameworks/AudioSession.framework/libSessionUtility.dylib
0x00007fff2d746000 	/usr/lib/libperfcheck.dylib
0x00007fff2d0e5000 	/System/Library/PrivateFrameworks/AudioResourceArbitration.framework/Versions/A/AudioResourceArbitration
0x00007fff2b0eb000 	/System/Library/PrivateFrameworks/IconFoundation.framework/Versions/A/IconFoundation
0x00007fff2fbd6000 	/System/Library/PrivateFrameworks/SpeechRecognitionCore.framework/Versions/A/SpeechRecognitionCore
0x000000010fe25000 	/Library/Java/JavaVirtualMachines/jdk-15.0.2.jdk/Contents/Home/lib/server/libjvm.dylib
0x0000000110de1000 	/Library/Java/JavaVirtualMachines/jdk-15.0.2.jdk/Contents/Home/lib/libjimage.dylib
0x0000000110def000 	/Library/Java/JavaVirtualMachines/jdk-15.0.2.jdk/Contents/Home/lib/libjdwp.dylib
0x0000000110e33000 	/Library/Java/JavaVirtualMachines/jdk-15.0.2.jdk/Contents/Home/lib/libjava.dylib
0x000000011315d000 	/Library/Java/JavaVirtualMachines/jdk-15.0.2.jdk/Contents/Home/lib/libdt_socket.dylib
0x0000000113169000 	/Library/Java/JavaVirtualMachines/jdk-15.0.2.jdk/Contents/Home/lib/libnio.dylib
0x000000011317d000 	/Library/Java/JavaVirtualMachines/jdk-15.0.2.jdk/Contents/Home/lib/libnet.dylib
0x0000000113196000 	/Library/Java/JavaVirtualMachines/jdk-15.0.2.jdk/Contents/Home/lib/libzip.dylib
0x00000001131a4000 	/Library/Java/JavaVirtualMachines/jdk-15.0.2.jdk/Contents/Home/lib/libextnet.dylib
0x00000001133ac000 	/Library/Java/JavaVirtualMachines/jdk-15.0.2.jdk/Contents/Home/lib/libverify.dylib


VM Arguments:
jvm_args: -XX:+ShowCodeDetailsInExceptionMessages -agentlib:jdwp=transport=dt_socket,suspend=y,address=localhost:52805 -ea -Dfile.encoding=UTF-8 
java_command: org.testng.remote.RemoteTestNG -serport 52804 -protocol json -d /Users/apoorvdwivedi/PracticeWorkSpace/APITestingGenerics/test-output /var/folders/y_/9flx7l9n44xbzpjpf7h182pm0000gn/T/testng-eclipse-1293645515/testng-customsuite.xml
java_class_path (initial): /Applications/Eclipse.app/Contents/Eclipse/configuration/org.eclipse.osgi/437/0/.cp/lib/testng-remote.jar:/Users/apoorvdwivedi/PracticeWorkSpace/APITestingGenerics/target/test-classes:/Users/apoorvdwivedi/PracticeWorkSpace/APITestingGenerics/target/classes:/Users/apoorvdwivedi/.m2/repository/com/google/code/gson/gson/2.8.6/gson-2.8.6.jar:/Users/apoorvdwivedi/.m2/repository/io/cucumber/cucumber-java/6.10.2/cucumber-java-6.10.2.jar:/Users/apoorvdwivedi/.m2/repository/io/cucumber/cucumber-core/6.10.2/cucumber-core-6.10.2.jar:/Users/apoorvdwivedi/.m2/repository/io/cucumber/cucumber-gherkin/6.10.2/cucumber-gherkin-6.10.2.jar:/Users/apoorvdwivedi/.m2/repository/io/cucumber/cucumber-gherkin-messages/6.10.2/cucumber-gherkin-messages-6.10.2.jar:/Users/apoorvdwivedi/.m2/repository/io/cucumber/messages/14.0.1/messages-14.0.1.jar:/Users/apoorvdwivedi/.m2/repository/io/cucumber/tag-expressions/3.0.0/tag-expressions-3.0.0.jar:/Users/apoorvdwivedi/.m2/repository/io/cucumber/cucumber-expressions/10.3.0/cucumber-expressions-10.3.0.jar:/Users/apoorvdwivedi/.m2/repository/io/cucumber/datatable/3.5.0/datatable-3.5.0.jar:/Users/apoorvdwivedi/.m2/repository/io/cucumber/cucumber-plugin/6.10.2/cucumber-plugin-6.10.2.jar:/Users/apoorvdwivedi/.m2/repository/io/cucumber/docstring/6.10.2/docstring-6.10.2.jar:/Users/apoorvdwivedi/.m2/repository/io/cucumber/html-formatter/12.0.0/html-formatter-12.0.0.jar:/Users/apoorvdwivedi/.m2/repository/io/cucumber/create-meta/3.0.0/create-meta-3.0.0.jar:/Users/apoorvdwivedi/.m2/repository/org/apiguardian/apiguardian-api/1.1.1/apiguardian-api-1.1.1.jar:/Users/apoorvdwivedi/.m2/repository/org/testng/testng/7.4.0/testng-7.4.0.jar:/Users/apoorvdwivedi/.m2/repository/com/beust/jcommander/1.78/jcommander-1.78.jar:/Users/apoorvdwivedi/.m2/repository/org/webjars/jquery/3.5.1/jquery-3.5.1.jar:/Users/apoorvdwivedi/.m2/repository/io/cucumber/cucumber-testng/6.10.2/cucumber-testng-6.10.2.jar:/Users/apoorvdwivedi/.m2/repository/io/cucumber/cu
Launcher Type: SUN_STANDARD

[Global flags]
     intx CICompilerCount                          = 12                                        {product} {ergonomic}
     uint ConcGCThreads                            = 3                                         {product} {ergonomic}
     uint G1ConcRefinementThreads                  = 13                                        {product} {ergonomic}
   size_t G1HeapRegionSize                         = 2097152                                   {product} {ergonomic}
    uintx GCDrainStackTargetSize                   = 64                                        {product} {ergonomic}
   size_t InitialHeapSize                          = 268435456                                 {product} {ergonomic}
   size_t MarkStackSize                            = 4194304                                   {product} {ergonomic}
   size_t MaxHeapSize                              = 4294967296                                {product} {ergonomic}
   size_t MaxNewSize                               = 2575302656                                {product} {ergonomic}
   size_t MinHeapDeltaBytes                        = 2097152                                   {product} {ergonomic}
   size_t MinHeapSize                              = 8388608                                   {product} {ergonomic}
    uintx NonNMethodCodeHeapSize                   = 7602480                                {pd product} {ergonomic}
    uintx NonProfiledCodeHeapSize                  = 122027880                              {pd product} {ergonomic}
    uintx ProfiledCodeHeapSize                     = 122027880                              {pd product} {ergonomic}
    uintx ReservedCodeCacheSize                    = 251658240                              {pd product} {ergonomic}
     bool SegmentedCodeCache                       = true                                      {product} {ergonomic}
     bool ShowCodeDetailsInExceptionMessages       = true                                   {manageable} {command line}
   size_t SoftMaxHeapSize                          = 4294967296                             {manageable} {ergonomic}
     bool UseCompressedClassPointers               = true                                 {lp64_product} {ergonomic}
     bool UseCompressedOops                        = true                                 {lp64_product} {ergonomic}
     bool UseG1GC                                  = true                                      {product} {ergonomic}
     bool UseNUMA                                  = false                                     {product} {ergonomic}
     bool UseNUMAInterleaving                      = false                                     {product} {ergonomic}

Logging:
Log output configuration:
 #0: stdout all=warning uptime,level,tags
 #1: stderr all=off uptime,level,tags

Environment Variables:
PATH=/usr/bin:/bin:/usr/sbin:/sbin
SHELL=/bin/zsh

Signal Handlers:
SIGSEGV: [libjvm.dylib+0x9ff2f0], sa_mask[0]=11111111011111110111111111111111, sa_flags=SA_ONSTACK|SA_RESTART|SA_SIGINFO
SIGBUS: [libjvm.dylib+0x9ff2f0], sa_mask[0]=11111111011111110111111111111111, sa_flags=SA_RESTART|SA_SIGINFO
SIGFPE: [libjvm.dylib+0x9ff2f0], sa_mask[0]=11111111011111110111111111111111, sa_flags=SA_RESTART|SA_SIGINFO
SIGPIPE: [libjvm.dylib+0x82ae30], sa_mask[0]=11111111011111110111111111111111, sa_flags=SA_RESTART|SA_SIGINFO
SIGXFSZ: [libjvm.dylib+0x82ae30], sa_mask[0]=11111111011111110111111111111111, sa_flags=SA_RESTART|SA_SIGINFO
SIGILL: [libjvm.dylib+0x9ff2f0], sa_mask[0]=11111111011111110111111111111111, sa_flags=SA_RESTART|SA_SIGINFO
SIGUSR2: [libjvm.dylib+0x82b940], sa_mask[0]=00100000000000000000000000000000, sa_flags=SA_RESTART|SA_SIGINFO
SIGHUP: [libjvm.dylib+0x82a040], sa_mask[0]=11111111011111110111111111111111, sa_flags=SA_RESTART|SA_SIGINFO
SIGINT: [libjvm.dylib+0x82a040], sa_mask[0]=11111111011111110111111111111111, sa_flags=SA_RESTART|SA_SIGINFO
SIGTERM: [libjvm.dylib+0x82a040], sa_mask[0]=11111111011111110111111111111111, sa_flags=SA_RESTART|SA_SIGINFO
SIGQUIT: [libjvm.dylib+0x82a040], sa_mask[0]=11111111011111110111111111111111, sa_flags=SA_RESTART|SA_SIGINFO


---------------  S Y S T E M  ---------------

OS:uname: Darwin 20.4.0 Darwin Kernel Version 20.4.0: Thu Apr 22 21:46:47 PDT 2021; root:xnu-7195.101.2~1/RELEASE_X86_64 x86_64
OS uptime: 23 days 22:22 hours
rlimit (soft/hard): STACK 8192k/65532k , CORE 0k/infinity , NPROC 2784/4176 , NOFILE 10240/infinity , AS infinity/infinity , CPU infinity/infinity , DATA infinity/infinity , FSIZE infinity/infinity , MEMLOCK infinity/infinity , RSS infinity/infinity
load average: 0.89 1.20 1.25

CPU: total 16 (initial active 16) (8 cores per cpu, 2 threads per core) family 6 model 158 stepping 13 microcode 0xde, cmov, cx8, fxsr, mmx, sse, sse2, sse3, ssse3, sse4.1, sse4.2, popcnt, vzeroupper, avx, avx2, aes, clmul, erms, 3dnowpref, lzcnt, ht, tsc, tscinvbit, bmi1, bmi2, adx, fma, clflush, clflushopt

Memory: 4k page, physical 16777216k(654312k free), swap 2097152k(910848k free)

vm_info: Java HotSpot(TM) 64-Bit Server VM (15.0.2+7-27) for bsd-amd64 JRE (15.0.2+7-27), built on Dec  7 2020 20:08:32 by "mach5one" with clang 4.2.1 Compatible Apple LLVM 10.0.0 (clang-1000.11.45.5)

END.
